Added to /home/am12548/.tracker/eat.log
Added to /home/am12548/.tracker/eat.log
Added to /home/am12548/.tracker/eat.log
Added to /home/am12548/.tracker/eat.log
Added to /home/am12548/.tracker/eat.log
Contacting host: elpa.gnu.org:80
Saving file /home/am12548/.tracker/fake-user-dir/elpa/archives/gnu/archive-contents...
Loading vc-git...
Wrote /home/am12548/.tracker/fake-user-dir/elpa/archives/gnu/archive-contents
Added to /home/am12548/.tracker/gnu/gnu.dat
Added to /home/am12548/.tracker/eat.log
Added to /home/am12548/.tracker/eat.log
Added to /home/am12548/.tracker/eat.log
Added to /home/am12548/.tracker/eat.log
Added to /home/am12548/.tracker/eat.log
Added to /home/am12548/.tracker/eat.log
Added to /home/am12548/.tracker/eat.log
Added to /home/am12548/.tracker/eat.log
Added to /home/am12548/.tracker/eat.log
Added to /home/am12548/.tracker/eat.log
Added to /home/am12548/.tracker/eat.log
Added to /home/am12548/.tracker/eat.log
Added to /home/am12548/.tracker/eat.log
Contacting host: marmalade-repo.org:80
Saving file /home/am12548/.tracker/fake-user-dir/elpa/archives/marmalade/archive-contents...
Wrote /home/am12548/.tracker/fake-user-dir/elpa/archives/marmalade/archive-contents
Added to /home/am12548/.tracker/marmalade/marmalade.dat
Added to /home/am12548/.tracker/eat.log
Added to /home/am12548/.tracker/eat.log
Added to /home/am12548/.tracker/eat.log
Added to /home/am12548/.tracker/eat.log
Added to /home/am12548/.tracker/eat.log
Added to /home/am12548/.tracker/eat.log
Added to /home/am12548/.tracker/eat.log
Added to /home/am12548/.tracker/eat.log
Added to /home/am12548/.tracker/eat.log
Added to /home/am12548/.tracker/eat.log
Added to /home/am12548/.tracker/eat.log
Added to /home/am12548/.tracker/eat.log
Added to /home/am12548/.tracker/eat.log
Contacting host: melpa.milkbox.net:80
Saving file /home/am12548/.tracker/fake-user-dir/elpa/archives/melpa/archive-contents...
Wrote /home/am12548/.tracker/fake-user-dir/elpa/archives/melpa/archive-contents
Added to /home/am12548/.tracker/melpa/melpa.dat
Added to /home/am12548/.tracker/eat.log
Added to /home/am12548/.tracker/eat.log
Added to /home/am12548/.tracker/eat.log
Added to /home/am12548/.tracker/eat.log
Added to /home/am12548/.tracker/eat.log
Added to /home/am12548/.tracker/eat.log
Added to /home/am12548/.tracker/eat.log
Added to /home/am12548/.tracker/eat.log
Added to /home/am12548/.tracker/eat.log
Added to /home/am12548/.tracker/eat.log
Added to /home/am12548/.tracker/eat.log
Added to /home/am12548/.tracker/eat.log
Added to /home/am12548/.tracker/eat.log
Contacting host: elpa.gnu.org:80
Saving file /home/am12548/.tracker/fake-user-dir/elpa/archives/gnu/archive-contents...
Wrote /home/am12548/.tracker/fake-user-dir/elpa/archives/gnu/archive-contents
Saving file /home/am12548/.tracker/fake-user-dir/elpa/archives/marmalade/archive-contents...
Wrote /home/am12548/.tracker/fake-user-dir/elpa/archives/marmalade/archive-contents
Contacting host: melpa.milkbox.net:80
Saving file /home/am12548/.tracker/fake-user-dir/elpa/archives/melpa/archive-contents...
Wrote /home/am12548/.tracker/fake-user-dir/elpa/archives/melpa/archive-contents
Added to /home/am12548/.tracker/ALL/ALL.dat
Added to /home/am12548/.tracker/eat.log
Added to /home/am12548/.tracker/eat.log
Added to /home/am12548/.tracker/eat.log
Added to /home/am12548/.tracker/eat.log
Added to /home/am12548/.tracker/eat.log
Added to /home/am12548/.tracker/eat.log
Added to /home/am12548/.tracker/eat.log
Added to /home/am12548/.tracker/eat.log
Added to /home/am12548/.tracker/eat.log
Added to /home/am12548/.tracker/eat.log
Added to /home/am12548/.tracker/eat.log
Added to /home/am12548/.tracker/eat.log
Added to /home/am12548/.tracker/eat.log
Added to /home/am12548/.tracker/main-dish.dat
Added to /home/am12548/.tracker/eat.log
Added to /home/am12548/.tracker/eat.log
Added to /home/am12548/.tracker/eat.log
Added to /home/am12548/.tracker/eat.log
Added to /home/am12548/.tracker/eat.log
Added to /home/am12548/.tracker/eat.log
Added to /home/am12548/.tracker/eat.log
Contacting host: elpa.gnu.org:80
Saving file /home/am12548/.tracker/fake-user-dir/elpa/archives/gnu/archive-contents...
Loading vc-git...
Wrote /home/am12548/.tracker/fake-user-dir/elpa/archives/gnu/archive-contents
Added to /home/am12548/.tracker/gnu/gnu.dat
Added to /home/am12548/.tracker/eat.log
Added to /home/am12548/.tracker/eat.log
Added to /home/am12548/.tracker/eat.log
Added to /home/am12548/.tracker/eat.log
Added to /home/am12548/.tracker/eat.log
Added to /home/am12548/.tracker/eat.log
Contacting host: marmalade-repo.org:80
Saving file /home/am12548/.tracker/fake-user-dir/elpa/archives/marmalade/archive-contents...
Wrote /home/am12548/.tracker/fake-user-dir/elpa/archives/marmalade/archive-contents
Added to /home/am12548/.tracker/marmalade/marmalade.dat
Added to /home/am12548/.tracker/eat.log
Added to /home/am12548/.tracker/eat.log
Added to /home/am12548/.tracker/eat.log
Added to /home/am12548/.tracker/eat.log
Added to /home/am12548/.tracker/eat.log
Added to /home/am12548/.tracker/eat.log
Contacting host: melpa.milkbox.net:80
Saving file /home/am12548/.tracker/fake-user-dir/elpa/archives/melpa/archive-contents...
Wrote /home/am12548/.tracker/fake-user-dir/elpa/archives/melpa/archive-contents
Added to /home/am12548/.tracker/melpa/melpa.dat
Added to /home/am12548/.tracker/eat.log
Added to /home/am12548/.tracker/eat.log
Added to /home/am12548/.tracker/eat.log
Added to /home/am12548/.tracker/eat.log
Added to /home/am12548/.tracker/eat.log
Added to /home/am12548/.tracker/eat.log
Contacting host: elpa.gnu.org:80
Saving file /home/am12548/.tracker/fake-user-dir/elpa/archives/gnu/archive-contents...
Wrote /home/am12548/.tracker/fake-user-dir/elpa/archives/gnu/archive-contents
Saving file /home/am12548/.tracker/fake-user-dir/elpa/archives/marmalade/archive-contents...
Wrote /home/am12548/.tracker/fake-user-dir/elpa/archives/marmalade/archive-contents
Contacting host: melpa.milkbox.net:80
Saving file /home/am12548/.tracker/fake-user-dir/elpa/archives/melpa/archive-contents...
Wrote /home/am12548/.tracker/fake-user-dir/elpa/archives/melpa/archive-contents
Added to /home/am12548/.tracker/ALL/ALL.dat
Added to /home/am12548/.tracker/eat.log
Added to /home/am12548/.tracker/eat.log
Added to /home/am12548/.tracker/eat.log
Added to /home/am12548/.tracker/eat.log
Added to /home/am12548/.tracker/eat.log
Added to /home/am12548/.tracker/eat.log
Added to /home/am12548/.tracker/main-dish.dat
Added to /home/am12548/.tracker/eat.log
Added to /home/am12548/.tracker/eat.log
Added to /home/am12548/.tracker/eat.log
Added to /home/am12548/.tracker/eat.log
Added to /home/am12548/.tracker/eat.log
Added to /home/am12548/.tracker/eat.log
Contacting host: elpa.gnu.org:80
Saving file /home/am12548/.tracker/fake-user-dir/elpa/archives/gnu/archive-contents...
Loading vc-git...
Wrote /home/am12548/.tracker/fake-user-dir/elpa/archives/gnu/archive-contents
Added to /home/am12548/.tracker/gnu/gnu.dat
Added to /home/am12548/.tracker/eat.log
Added to /home/am12548/.tracker/eat.log
Added to /home/am12548/.tracker/eat.log
Added to /home/am12548/.tracker/eat.log
Added to /home/am12548/.tracker/eat.log
Added to /home/am12548/.tracker/eat.log
Contacting host: marmalade-repo.org:80
Saving file /home/am12548/.tracker/fake-user-dir/elpa/archives/marmalade/archive-contents...
Wrote /home/am12548/.tracker/fake-user-dir/elpa/archives/marmalade/archive-contents
Added to /home/am12548/.tracker/marmalade/marmalade.dat
Added to /home/am12548/.tracker/eat.log
Added to /home/am12548/.tracker/eat.log
Added to /home/am12548/.tracker/eat.log
Added to /home/am12548/.tracker/eat.log
Added to /home/am12548/.tracker/eat.log
Added to /home/am12548/.tracker/eat.log
Contacting host: melpa.milkbox.net:80
Saving file /home/am12548/.tracker/fake-user-dir/elpa/archives/melpa/archive-contents...
Wrote /home/am12548/.tracker/fake-user-dir/elpa/archives/melpa/archive-contents
Added to /home/am12548/.tracker/melpa/melpa.dat
Added to /home/am12548/.tracker/eat.log
Added to /home/am12548/.tracker/eat.log
Added to /home/am12548/.tracker/eat.log
Added to /home/am12548/.tracker/eat.log
Added to /home/am12548/.tracker/eat.log
Added to /home/am12548/.tracker/eat.log
Contacting host: elpa.gnu.org:80
Saving file /home/am12548/.tracker/fake-user-dir/elpa/archives/gnu/archive-contents...
Wrote /home/am12548/.tracker/fake-user-dir/elpa/archives/gnu/archive-contents
Contacting host: marmalade-repo.org:80
Saving file /home/am12548/.tracker/fake-user-dir/elpa/archives/marmalade/archive-contents...
Wrote /home/am12548/.tracker/fake-user-dir/elpa/archives/marmalade/archive-contents
Contacting host: melpa.milkbox.net:80
Saving file /home/am12548/.tracker/fake-user-dir/elpa/archives/melpa/archive-contents...
Wrote /home/am12548/.tracker/fake-user-dir/elpa/archives/melpa/archive-contents
Added to /home/am12548/.tracker/ALL/ALL.dat
Added to /home/am12548/.tracker/eat.log
Added to /home/am12548/.tracker/eat.log
Added to /home/am12548/.tracker/eat.log
Added to /home/am12548/.tracker/eat.log
Added to /home/am12548/.tracker/eat.log
Added to /home/am12548/.tracker/eat.log
Added to /home/am12548/.tracker/main-dish.dat
Added to /home/am12548/.tracker/eat.log
Added to /home/am12548/.tracker/eat.log
Added to /home/am12548/.tracker/eat.log
Added to /home/am12548/.tracker/eat.log
Added to /home/am12548/.tracker/eat.log
Added to /home/am12548/.tracker/eat.log
Added to /home/am12548/.tracker/eat.log
Contacting host: elpa.gnu.org:80
Saving file /home/am12548/.tracker/fake-user-dir/elpa/archives/gnu/archive-contents...
Loading vc-git...
Wrote /home/am12548/.tracker/fake-user-dir/elpa/archives/gnu/archive-contents
Added to /home/am12548/.tracker/gnu/gnu.dat
Added to /home/am12548/.tracker/eat.log
Added to /home/am12548/.tracker/eat.log
Added to /home/am12548/.tracker/eat.log
Added to /home/am12548/.tracker/eat.log
Added to /home/am12548/.tracker/eat.log
Added to /home/am12548/.tracker/eat.log
Contacting host: marmalade-repo.org:80
Saving file /home/am12548/.tracker/fake-user-dir/elpa/archives/marmalade/archive-contents...
Wrote /home/am12548/.tracker/fake-user-dir/elpa/archives/marmalade/archive-contents
Added to /home/am12548/.tracker/marmalade/marmalade.dat
Added to /home/am12548/.tracker/eat.log
Added to /home/am12548/.tracker/eat.log
Added to /home/am12548/.tracker/eat.log
Added to /home/am12548/.tracker/eat.log
Added to /home/am12548/.tracker/eat.log
Added to /home/am12548/.tracker/eat.log
Contacting host: melpa.milkbox.net:80
Saving file /home/am12548/.tracker/fake-user-dir/elpa/archives/melpa/archive-contents...
Wrote /home/am12548/.tracker/fake-user-dir/elpa/archives/melpa/archive-contents
Added to /home/am12548/.tracker/melpa/melpa.dat
Added to /home/am12548/.tracker/eat.log
Added to /home/am12548/.tracker/eat.log
Added to /home/am12548/.tracker/eat.log
Added to /home/am12548/.tracker/eat.log
Added to /home/am12548/.tracker/eat.log
Added to /home/am12548/.tracker/eat.log
Contacting host: elpa.gnu.org:80
Saving file /home/am12548/.tracker/fake-user-dir/elpa/archives/gnu/archive-contents...
Wrote /home/am12548/.tracker/fake-user-dir/elpa/archives/gnu/archive-contents
Saving file /home/am12548/.tracker/fake-user-dir/elpa/archives/marmalade/archive-contents...
Wrote /home/am12548/.tracker/fake-user-dir/elpa/archives/marmalade/archive-contents
Contacting host: melpa.milkbox.net:80
Saving file /home/am12548/.tracker/fake-user-dir/elpa/archives/melpa/archive-contents...
Wrote /home/am12548/.tracker/fake-user-dir/elpa/archives/melpa/archive-contents
Added to /home/am12548/.tracker/ALL/ALL.dat
Added to /home/am12548/.tracker/eat.log
Added to /home/am12548/.tracker/eat.log
Added to /home/am12548/.tracker/eat.log
Added to /home/am12548/.tracker/eat.log
Added to /home/am12548/.tracker/eat.log
Added to /home/am12548/.tracker/eat.log
Added to /home/am12548/.tracker/main-dish.dat
Added to /home/am12548/.tracker/eat.log
